<?xml version="1.0" encoding="UTF-8" ?>
<testsuite failures="0" time="0.009" errors="0" skipped="0" tests="1" name="eventoris.AppTest">
  <properties>
    <property name="java.runtime.name" value="Java(TM) SE Runtime Environment"/>
    <property name="sun.boot.library.path" value="C:\apps\Java\jdk1.7.0_10\jre\bin"/>
    <property name="java.vm.version" value="23.6-b04"/>
    <property name="java.vm.vendor" value="Oracle Corporation"/>
    <property name="java.vendor.url" value="http://java.oracle.com/"/>
    <property name="path.separator" value=";"/>
    <property name="java.vm.name" value="Java HotSpot(TM) 64-Bit Server VM"/>
    <property name="file.encoding.pkg" value="sun.io"/>
    <property name="user.script" value=""/>
    <property name="user.country" value="US"/>
    <property name="sun.java.launcher" value="SUN_STANDARD"/>
    <property name="sun.os.patch.level" value="Service Pack 1"/>
    <property name="java.vm.specification.name" value="Java Virtual Machine Specification"/>
    <property name="user.dir" value="C:\Users\alexei.timofti\Documents\GitHub\eventoris\eventoris_jdbc"/>
    <property name="java.runtime.version" value="1.7.0_10-b18"/>
    <property name="java.awt.graphicsenv" value="sun.awt.Win32GraphicsEnvironment"/>
    <property name="basedir" value="C:\Users\alexei.timofti\Documents\GitHub\eventoris\eventoris_jdbc"/>
    <property name="java.endorsed.dirs" value="C:\apps\Java\jdk1.7.0_10\jre\lib\endorsed"/>
    <property name="os.arch" value="amd64"/>
    <property name="surefire.real.class.path" value="C:\Users\alexei.timofti\Documents\GitHub\eventoris\eventoris_jdbc\target\surefire\surefirebooter1033026170361578441.jar"/>
    <property name="java.io.tmpdir" value="C:\Users\ALEXEI~1.TIM\AppData\Local\Temp\"/>
    <property name="line.separator" value="
"/>
    <property name="java.vm.specification.vendor" value="Oracle Corporation"/>
    <property name="user.variant" value=""/>
    <property name="os.name" value="Windows 7"/>
    <property name="sun.jnu.encoding" value="Cp1252"/>
    <property name="java.library.path" value="C:\apps\Java\jdk1.7.0_10\jre\bin;C:\Windows\Sun\Java\bin;C:\Windows\system32;C:\Windows;C:\Perl64\site\bin;C:\Perl64\bin;C:\Program Files\Common Files\Microsoft Shared\Windows Live;C:\Program Files (x86)\Common Files\Microsoft Shared\Windows Live;C:\Program Files (x86)\NVIDIA Corporation\PhysX\Common;C:\Program Files (x86)\Intel\iCLS Client\;C:\Program Files\Intel\iCLS Client\;C:\Program Files\Dell\DW WLAN Card;;C:\Windows\system32;C:\Windows;C:\Windows\System32\Wbem;C:\Windows\System32\WindowsPowerShell\v1.0\;C:\Program Files\Intel\Intel(R) Management Engine Components\DAL;C:\Program Files\Intel\Intel(R) Management Engine Components\IPT;C:\Program Files (x86)\Intel\Intel(R) Management Engine Components\DAL;C:\Program Files (x86)\Intel\Intel(R) Management Engine Components\IPT;C:\Program Files\WIDCOMM\Bluetooth Software\;C:\Program Files\WIDCOMM\Bluetooth Software\syswow64;C:\Program Files\Dell\Dell Data Protection\Access\Advanced\Wave\Gemalto\Access Client\v5\;C:\Program Files (x86)\Security Innovation\SI TSS\bin\;C:\Program Files (x86)\Windows Live\Shared;C:\Program Files\TortoiseSVN\bin;JAVA_HOME;C:\Teleena\RhinoSDK\rhino-connectivity\cginl-1.5.0.19\tools;C:\apps\apache-ant-1.9.2\bin;C:\apps\apache-ant-1.9.2\bin;C:\apps\apache-maven-3.0.3\bin;C:\apps\Java\jdk1.7.0_10\bin;."/>
    <property name="surefire.test.class.path" value="C:\Users\alexei.timofti\Documents\GitHub\eventoris\eventoris_jdbc\target\test-classes;C:\Users\alexei.timofti\Documents\GitHub\eventoris\eventoris_jdbc\target\classes;C:\Users\alexei.timofti\.m2\repository\junit\junit\3.8.1\junit-3.8.1.jar;C:\Users\alexei.timofti\.m2\repository\org\springframework\spring-core\3.0.5.RELEASE\spring-core-3.0.5.RELEASE.jar;C:\Users\alexei.timofti\.m2\repository\org\springframework\spring-asm\3.0.5.RELEASE\spring-asm-3.0.5.RELEASE.jar;C:\Users\alexei.timofti\.m2\repository\commons-logging\commons-logging\1.1.1\commons-logging-1.1.1.jar;C:\Users\alexei.timofti\.m2\repository\org\springframework\spring-context\3.0.5.RELEASE\spring-context-3.0.5.RELEASE.jar;C:\Users\alexei.timofti\.m2\repository\org\springframework\spring-aop\3.0.5.RELEASE\spring-aop-3.0.5.RELEASE.jar;C:\Users\alexei.timofti\.m2\repository\aopalliance\aopalliance\1.0\aopalliance-1.0.jar;C:\Users\alexei.timofti\.m2\repository\org\springframework\spring-beans\3.0.5.RELEASE\spring-beans-3.0.5.RELEASE.jar;C:\Users\alexei.timofti\.m2\repository\org\springframework\spring-expression\3.0.5.RELEASE\spring-expression-3.0.5.RELEASE.jar;C:\Users\alexei.timofti\.m2\repository\org\springframework\spring-jdbc\3.0.5.RELEASE\spring-jdbc-3.0.5.RELEASE.jar;C:\Users\alexei.timofti\.m2\repository\org\springframework\spring-tx\3.0.5.RELEASE\spring-tx-3.0.5.RELEASE.jar;C:\Users\alexei.timofti\.m2\repository\mysql\mysql-connector-java\5.1.9\mysql-connector-java-5.1.9.jar;"/>
    <property name="java.specification.name" value="Java Platform API Specification"/>
    <property name="java.class.version" value="51.0"/>
    <property name="sun.management.compiler" value="HotSpot 64-Bit Tiered Compilers"/>
    <property name="os.version" value="6.1"/>
    <property name="user.home" value="C:\Users\alexei.timofti"/>
    <property name="user.timezone" value=""/>
    <property name="java.awt.printerjob" value="sun.awt.windows.WPrinterJob"/>
    <property name="java.specification.version" value="1.7"/>
    <property name="file.encoding" value="Cp1252"/>
    <property name="user.name" value="alexei.timofti"/>
    <property name="java.class.path" value="C:\Users\alexei.timofti\Documents\GitHub\eventoris\eventoris_jdbc\target\test-classes;C:\Users\alexei.timofti\Documents\GitHub\eventoris\eventoris_jdbc\target\classes;C:\Users\alexei.timofti\.m2\repository\junit\junit\3.8.1\junit-3.8.1.jar;C:\Users\alexei.timofti\.m2\repository\org\springframework\spring-core\3.0.5.RELEASE\spring-core-3.0.5.RELEASE.jar;C:\Users\alexei.timofti\.m2\repository\org\springframework\spring-asm\3.0.5.RELEASE\spring-asm-3.0.5.RELEASE.jar;C:\Users\alexei.timofti\.m2\repository\commons-logging\commons-logging\1.1.1\commons-logging-1.1.1.jar;C:\Users\alexei.timofti\.m2\repository\org\springframework\spring-context\3.0.5.RELEASE\spring-context-3.0.5.RELEASE.jar;C:\Users\alexei.timofti\.m2\repository\org\springframework\spring-aop\3.0.5.RELEASE\spring-aop-3.0.5.RELEASE.jar;C:\Users\alexei.timofti\.m2\repository\aopalliance\aopalliance\1.0\aopalliance-1.0.jar;C:\Users\alexei.timofti\.m2\repository\org\springframework\spring-beans\3.0.5.RELEASE\spring-beans-3.0.5.RELEASE.jar;C:\Users\alexei.timofti\.m2\repository\org\springframework\spring-expression\3.0.5.RELEASE\spring-expression-3.0.5.RELEASE.jar;C:\Users\alexei.timofti\.m2\repository\org\springframework\spring-jdbc\3.0.5.RELEASE\spring-jdbc-3.0.5.RELEASE.jar;C:\Users\alexei.timofti\.m2\repository\org\springframework\spring-tx\3.0.5.RELEASE\spring-tx-3.0.5.RELEASE.jar;C:\Users\alexei.timofti\.m2\repository\mysql\mysql-connector-java\5.1.9\mysql-connector-java-5.1.9.jar;"/>
    <property name="java.vm.specification.version" value="1.7"/>
    <property name="sun.arch.data.model" value="64"/>
    <property name="java.home" value="C:\apps\Java\jdk1.7.0_10\jre"/>
    <property name="sun.java.command" value="C:\Users\alexei.timofti\Documents\GitHub\eventoris\eventoris_jdbc\target\surefire\surefirebooter1033026170361578441.jar C:\Users\alexei.timofti\Documents\GitHub\eventoris\eventoris_jdbc\target\surefire\surefire5214149235835006203tmp C:\Users\alexei.timofti\Documents\GitHub\eventoris\eventoris_jdbc\target\surefire\surefire9154851909737777154tmp"/>
    <property name="java.specification.vendor" value="Oracle Corporation"/>
    <property name="user.language" value="en"/>
    <property name="awt.toolkit" value="sun.awt.windows.WToolkit"/>
    <property name="java.vm.info" value="mixed mode"/>
    <property name="java.version" value="1.7.0_10"/>
    <property name="java.ext.dirs" value="C:\apps\Java\jdk1.7.0_10\jre\lib\ext;C:\Windows\Sun\Java\lib\ext"/>
    <property name="sun.boot.class.path" value="C:\apps\Java\jdk1.7.0_10\jre\lib\resources.jar;C:\apps\Java\jdk1.7.0_10\jre\lib\rt.jar;C:\apps\Java\jdk1.7.0_10\jre\lib\sunrsasign.jar;C:\apps\Java\jdk1.7.0_10\jre\lib\jsse.jar;C:\apps\Java\jdk1.7.0_10\jre\lib\jce.jar;C:\apps\Java\jdk1.7.0_10\jre\lib\charsets.jar;C:\apps\Java\jdk1.7.0_10\jre\lib\jfr.jar;C:\apps\Java\jdk1.7.0_10\jre\classes"/>
    <property name="java.vendor" value="Oracle Corporation"/>
    <property name="localRepository" value="C:\Users\alexei.timofti\.m2\repository"/>
    <property name="file.separator" value="\"/>
    <property name="java.vendor.url.bug" value="http://bugreport.sun.com/bugreport/"/>
    <property name="sun.cpu.endian" value="little"/>
    <property name="sun.io.unicode.encoding" value="UnicodeLittle"/>
    <property name="sun.desktop" value="windows"/>
    <property name="sun.cpu.isalist" value="amd64"/>
  </properties>
  <testcase time="0.001" classname="eventoris.AppTest" name="testApp"/>
</testsuite>